<?xml version="1.0" encoding="UTF-8"?>
<testng-results skipped="0" failed="1" ignored="0" total="1" passed="0">
  <reporter-output>
  </reporter-output>
  <suite name="Default suite" duration-ms="13543" started-at="2020-05-16T22:49:31Z" finished-at="2020-05-16T22:49:45Z">
    <groups>
    </groups>
    <test name="Default test" duration-ms="13543" started-at="2020-05-16T22:49:31Z" finished-at="2020-05-16T22:49:45Z">
      <class name="com.exec.TestNG.Amzone_exe">
        <test-method status="PASS" signature="setup()[pri:0, instance:com.exec.TestNG.Amzone_exe@4fe3c938]" name="setup" is-config="true" duration-ms="13046" started-at="2020-05-16T22:49:31Z" finished-at="2020-05-16T22:49:45Z">
          <reporter-output>
          </reporter-output>
        </test-method> <!-- setup -->
        <test-method status="FAIL" signature="testSearchAndCompare()[pri:0, instance:com.exec.TestNG.Amzone_exe@4fe3c938]" name="testSearchAndCompare" duration-ms="51" started-at="2020-05-16T22:49:45Z" finished-at="2020-05-16T22:49:45Z">
          <exception class="java.lang.NoSuchMethodError">
            <message>
              <![CDATA[org.openqa.selenium.support.ui.ExpectedConditions.visibilityOfAllElements([Lorg/openqa/selenium/WebElement;)Lorg/openqa/selenium/support/ui/ExpectedCondition;]]>
            </message>
            <full-stacktrace>
              <![CDATA[java.lang.NoSuchMethodError: org.openqa.selenium.support.ui.ExpectedConditions.visibilityOfAllElements([Lorg/openqa/selenium/WebElement;)Lorg/openqa/selenium/support/ui/ExpectedCondition;
at page_Object.Sign_In_Page_Method.SignInPageDisplayed(Sign_In_Page_Method.java:30)
at com.exec.TestNG.Amzone_exe.testSearchAndCompare(Amzone_exe.java:42)
at sun.reflect.NativeMethodAccessorImpl.invoke0(Native Method)
at sun.reflect.NativeMethodAccessorImpl.invoke(Unknown Source)
at sun.reflect.DelegatingMethodAccessorImpl.invoke(Unknown Source)
at java.lang.reflect.Method.invoke(Unknown Source)
at org.testng.internal.MethodInvocationHelper.invokeMethod(MethodInvocationHelper.java:124)
at org.testng.internal.Invoker.invokeMethod(Invoker.java:583)
at org.testng.internal.Invoker.invokeTestMethod(Invoker.java:719)
at org.testng.internal.Invoker.invokeTestMethods(Invoker.java:989)
at org.testng.internal.TestMethodWorker.invokeTestMethods(TestMethodWorker.java:125)
at org.testng.internal.TestMethodWorker.run(TestMethodWorker.java:109)
at org.testng.TestRunner.privateRun(TestRunner.java:648)
at org.testng.TestRunner.run(TestRunner.java:505)
at org.testng.SuiteRunner.runTest(SuiteRunner.java:455)
at org.testng.SuiteRunner.runSequentially(SuiteRunner.java:450)
at org.testng.SuiteRunner.privateRun(SuiteRunner.java:415)
at org.testng.SuiteRunner.run(SuiteRunner.java:364)
at org.testng.SuiteRunnerWorker.runSuite(SuiteRunnerWorker.java:52)
at org.testng.SuiteRunnerWorker.run(SuiteRunnerWorker.java:84)
at org.testng.TestNG.runSuitesSequentially(TestNG.java:1208)
at org.testng.TestNG.runSuitesLocally(TestNG.java:1137)
at org.testng.TestNG.runSuites(TestNG.java:1049)
at org.testng.TestNG.run(TestNG.java:1017)
at org.testng.remote.AbstractRemoteTestNG.run(AbstractRemoteTestNG.java:114)
at org.testng.remote.RemoteTestNG.initAndRun(RemoteTestNG.java:251)
at org.testng.remote.RemoteTestNG.main(RemoteTestNG.java:77)
]]>
            </full-stacktrace>
          </exception> <!-- java.lang.NoSuchMethodError -->
          <reporter-output>
          </reporter-output>
        </test-method> <!-- testSearchAndCompare -->
        <test-method status="PASS" signature="teardown()[pri:0, instance:com.exec.TestNG.Amzone_exe@4fe3c938]" name="teardown" is-config="true" duration-ms="420" started-at="2020-05-16T22:49:45Z" finished-at="2020-05-16T22:49:45Z">
          <reporter-output>
          </reporter-output>
        </test-method> <!-- teardown -->
      </class> <!-- com.exec.TestNG.Amzone_exe -->
    </test> <!-- Default test -->
  </suite> <!-- Default suite -->
</testng-results>
